<?xml version="1.0" encoding="UTF-8"?>
<!-- Generated by org.testng.reporters.JUnitXMLReporter -->
<testsuite hostname="CO-IT005408" ignored="0" name="PetStore Functional Tests" tests="6" failures="1" timestamp="2025-03-10T20:48:37 COT" time="6.922" errors="0">
  <testcase name="createOrderForPet" time="3.668" classname="com.petstore.tests.CreateOrderTest"/>
  <testcase name="createUser" time="0.437" classname="com.petstore.tests.CreateUserTest"/>
  <testcase name="getSpecificPet" time="0.879" classname="com.petstore.tests.GetPetIdTest">
    <failure type="java.lang.AssertionError" message="1 expectation failed.
JSON path name doesn&amp;apos;t match.
Expected: myTestPet
  Actual: testPet
">
      <![CDATA[java.lang.AssertionError: 1 expectation failed.
JSON path name doesn't match.
Expected: myTestPet
  Actual: testPet

at org.codehaus.groovy.runtime.callsite.ConstructorSite$ConstructorSiteNoUnwrap.callConstructor(ConstructorSite.java:86)
at org.codehaus.groovy.runtime.callsite.CallSiteArray.defaultCallConstructor(CallSiteArray.java:57)
at org.codehaus.groovy.runtime.callsite.AbstractCallSite.callConstructor(AbstractCallSite.java:263)
at org.codehaus.groovy.runtime.callsite.AbstractCallSite.callConstructor(AbstractCallSite.java:277)
at io.restassured.internal.ResponseSpecificationImpl$HamcrestAssertionClosure.validate(ResponseSpecificationImpl.groovy:512)
at io.restassured.internal.ResponseSpecificationImpl$HamcrestAssertionClosure$validate$1.call(Unknown Source)
at io.restassured.internal.ResponseSpecificationImpl.validateResponseIfRequired(ResponseSpecificationImpl.groovy:696)
at io.restassured.internal.ResponseSpecificationImpl.this$2$validateResponseIfRequired(ResponseSpecificationImpl.groovy)
at org.codehaus.groovy.runtime.callsite.PlainObjectMetaMethodSite.doInvoke(PlainObjectMetaMethodSite.java:43)
at org.codehaus.groovy.runtime.callsite.PogoMetaMethodSite$PogoCachedMethodSiteNoUnwrapNoCoerce.invoke(PogoMetaMethodSite.java:198)
at org.codehaus.groovy.runtime.callsite.PogoMetaMethodSite.callCurrent(PogoMetaMethodSite.java:62)
at org.codehaus.groovy.runtime.callsite.AbstractCallSite.callCurrent(AbstractCallSite.java:185)
at io.restassured.internal.ResponseSpecificationImpl.body(ResponseSpecificationImpl.groovy:270)
at io.restassured.specification.ResponseSpecification$body$1.callCurrent(Unknown Source)
at io.restassured.internal.ResponseSpecificationImpl.body(ResponseSpecificationImpl.groovy:117)
at io.restassured.internal.ValidatableResponseOptionsImpl.body(ValidatableResponseOptionsImpl.java:244)
at com.petstore.tests.GetPetIdTest.getSpecificPet(GetPetIdTest.java:35)
at java.util.ArrayList.forEach(ArrayList.java:1257)
at com.petstore.config.TestRunner.main(TestRunner.java:12)
... Removed 34 stack frames]]>
    </failure>
  </testcase> <!-- getSpecificPet -->
  <testcase name="listAvailablePets" time="0.623" classname="com.petstore.tests.ListAvailablePetsTest"/>
  <testcase name="loginUser" time="0.861" classname="com.petstore.tests.LoginUserTest"/>
  <testcase name="logoutUser" time="0.416" classname="com.petstore.tests.LogoutUserTest"/>
</testsuite> <!-- PetStore Functional Tests -->
